<?xml version="1.0" encoding="UTF-8"?>
<testng-results ignored="0" total="2" passed="2" failed="0" skipped="0">
  <reporter-output>
  </reporter-output>
  <suite started-at="2025-05-17T13:54:03 IST" name="GroupSuite" finished-at="2025-05-17T13:54:14 IST" duration-ms="10863">
    <groups>
      <group name="Sanity">
        <method signature="TC_LoginTest.verifyLogin()[pri:0, instance:testCases.TC_LoginTest@2e2ff723]" name="verifyLogin" class="testCases.TC_LoginTest"/>
      </group> <!-- Sanity -->
      <group name="Regression">
        <method signature="TC_RegistrationTest.registrtionVerification()[pri:0, instance:testCases.TC_RegistrationTest@8dbfffb]" name="registrtionVerification" class="testCases.TC_RegistrationTest"/>
      </group> <!-- Regression -->
    </groups>
    <test started-at="2025-05-17T13:54:03 IST" name="Test" finished-at="2025-05-17T13:54:14 IST" duration-ms="10863">
      <class name="testCases.TC_RegistrationTest">
        <test-method is-config="true" signature="setup(java.lang.String)[pri:0, instance:testCases.TC_RegistrationTest@8dbfffb]" started-at="2025-05-17T13:54:03 IST" name="setup" finished-at="2025-05-17T13:54:07 IST" duration-ms="4355" status="PASS">
          <params>
            <param index="0">
              <value>
                <![CDATA[chrome]]>
              </value>
            </param>
          </params>
          <reporter-output>
          </reporter-output>
        </test-method> <!-- setup -->
        <test-method signature="registrtionVerification()[pri:0, instance:testCases.TC_RegistrationTest@8dbfffb]" started-at="2025-05-17T13:54:07 IST" name="registrtionVerification" finished-at="2025-05-17T13:54:09 IST" duration-ms="1430" status="PASS">
          <reporter-output>
          </reporter-output>
        </test-method> <!-- registrtionVerification -->
        <test-method is-config="true" signature="tearDown()[pri:0, instance:testCases.TC_RegistrationTest@8dbfffb]" started-at="2025-05-17T13:54:09 IST" name="tearDown" finished-at="2025-05-17T13:54:09 IST" duration-ms="110" status="PASS">
          <reporter-output>
          </reporter-output>
        </test-method> <!-- tearDown -->
      </class> <!-- testCases.TC_RegistrationTest -->
      <class name="testCases.TC_LoginTest">
        <test-method is-config="true" signature="setup(java.lang.String)[pri:0, instance:testCases.TC_LoginTest@2e2ff723]" started-at="2025-05-17T13:54:09 IST" name="setup" finished-at="2025-05-17T13:54:12 IST" duration-ms="3648" status="PASS">
          <params>
            <param index="0">
              <value>
                <![CDATA[chrome]]>
              </value>
            </param>
          </params>
          <reporter-output>
          </reporter-output>
        </test-method> <!-- setup -->
        <test-method signature="verifyLogin()[pri:0, instance:testCases.TC_LoginTest@2e2ff723]" started-at="2025-05-17T13:54:12 IST" name="verifyLogin" finished-at="2025-05-17T13:54:13 IST" duration-ms="1009" status="PASS">
          <reporter-output>
          </reporter-output>
        </test-method> <!-- verifyLogin -->
        <test-method is-config="true" signature="tearDown()[pri:0, instance:testCases.TC_LoginTest@2e2ff723]" started-at="2025-05-17T13:54:13 IST" name="tearDown" finished-at="2025-05-17T13:54:14 IST" duration-ms="127" status="PASS">
          <reporter-output>
          </reporter-output>
        </test-method> <!-- tearDown -->
      </class> <!-- testCases.TC_LoginTest -->
    </test> <!-- Test -->
  </suite> <!-- GroupSuite -->
</testng-results>
